[7m[4m[48;2;5;5;5m[38;2;250;250;250m[1m container manager [0m [38;2;250;250;250mcontainers [38;2;50;153;220m<Map> [39m[
   [39m[39m[
      [39m[38;2;135;201;36m@+unyt_auth_dev1[39m,
      [39m[38;2;65;102;238m$D1756E79745F657536xCF04DC90203[39m
   ][39m
][0m[38;2;250;250;250m[0m
[0m[38;2;250;250;250m
Connected to the supranet via [38;2;135;201;36m@+unyt[0m[38;2;250;250;250m (websocket to [38;2;150;150;150mrelay1.unyt.cc[37m) 

[38;2;150;150;150mENDPOINT[39m      [38;2;135;201;36m@+unyt_eu6[0m
[38;2;150;150;150mAPP URL[39m       https://unyt_eu6.unyt.app

[38;2;150;150;150mDATEX VERSION[39m[3m unmarked[0m

[38;2;150;150;150m© 2023 unyt.org
[0m
[7m[4m[48;2;5;5;5m[38;2;250;250;250m[1m container manager [0m [38;2;250;250;250mCreating new UIX App Container for @+unyt_auth_dev1 git@github.com:unyt-org/portal.git main[0m
[7m[4m[48;2;5;5;5m[38;2;250;250;250m[1m UIXAppContainer [7m[4m[38;2;65;102;238m $D1756E79745F657536xC3A61C90200 [0m [38;2;250;250;250mimage: uix-app-1689558058241[0m
[7m[4m[48;2;5;5;5m[38;2;250;250;250m[1m UIXAppContainer [7m[4m[38;2;65;102;238m $D1756E79745F657536xC3A61C90200 [0m [38;2;250;250;250mrepo: git@github.com:unyt-org/portal.git[0m
[7m[4m[48;2;5;5;5m[38;2;250;250;250m[1m UIXAppContainer [7m[4m[38;2;65;102;238m $D1756E79745F657536xC3A61C90200 [0m [38;2;250;250;250mbranch: main[0m
[7m[4m[48;2;5;5;5m[38;2;250;250;250m[1m UIXAppContainer [7m[4m[38;2;65;102;238m $D1756E79745F657536xC3A61C90200 [0m [38;2;250;250;250mendpoint: @+unyt_auth_prod[0m
[7m[4m[48;2;5;5;5m[38;2;250;250;250m[1m UIXAppContainer [7m[4m[38;2;65;102;238m $D1756E79745F657536xC3A61C90200 [0m [38;2;250;250;250murl: portal.unyt.org[0m
exec: git clone git@github.com:unyt-org/portal.git /tmp/uix-app-a4bb526f/repo
[7m[4m[48;2;5;5;5m[38;2;234;43;81m[1m UIXAppContainer [7m[4m[38;2;65;102;238m $D1756E79745F657536xC3A61C90200 [0m [38;2;234;43;81mError initializing container [0m
[7m[4m[48;2;5;5;5m[38;2;250;250;250m[1m container manager [0m [38;2;250;250;250mCreating new UIX App Container for @+unyt_auth_dev1 git@github.com:unyt-org/portal.git main[0m
[7m[4m[48;2;5;5;5m[38;2;250;250;250m[1m UIXAppContainer [7m[4m[38;2;65;102;238m $D1756E79745F657536xC6461C90200 [0m [38;2;250;250;250mimage: uix-app-1689558100416[0m
[7m[4m[48;2;5;5;5m[38;2;250;250;250m[1m UIXAppContainer [7m[4m[38;2;65;102;238m $D1756E79745F657536xC6461C90200 [0m [38;2;250;250;250mrepo: git@github.com:unyt-org/portal.git[0m
[7m[4m[48;2;5;5;5m[38;2;250;250;250m[1m UIXAppContainer [7m[4m[38;2;65;102;238m $D1756E79745F657536xC6461C90200 [0m [38;2;250;250;250mbranch: main[0m
[7m[4m[48;2;5;5;5m[38;2;250;250;250m[1m UIXAppContainer [7m[4m[38;2;65;102;238m $D1756E79745F657536xC6461C90200 [0m [38;2;250;250;250mendpoint: @+unyt_auth_prod[0m
[7m[4m[48;2;5;5;5m[38;2;250;250;250m[1m UIXAppContainer [7m[4m[38;2;65;102;238m $D1756E79745F657536xC6461C90200 [0m [38;2;250;250;250murl: portal.unyt.org[0m
exec: git clone git@github.com:unyt-org/portal.git /tmp/uix-app-781c7343/repo
[7m[4m[48;2;5;5;5m[38;2;234;43;81m[1m UIXAppContainer [7m[4m[38;2;65;102;238m $D1756E79745F657536xC6461C90200 [0m [38;2;234;43;81mError initializing container [0m
